# JRE version: Java(TM) SE Runtime Environment (9.0+11) (build 9.0.4+11)
# Java VM: Java HotSpot(TM) 64-Bit Server VM (9.0.4+11, mixed mode, tiered, compressed oops, g1 gc, windows-amd64)
Heap:
 garbage-first heap   total 220160K, used 88076K [0x0000000700000000, 0x00000007001006b8, 0x00000007c0000000)
  region size 1024K, 11 young (11264K), 2 survivors (2048K)
 Metaspace       used 85635K, capacity 92106K, committed 92336K, reserved 1128448K
  class space    used 11578K, capacity 12715K, committed 12720K, reserved 1048576K
GC Heap History (10 events):
Event: 1339.699 GC heap before
{Heap before GC invocations=424 (full 280):
 garbage-first heap   total 220160K, used 137227K [0x0000000700000000, 0x00000007001006b8, 0x00000007c0000000)
  region size 1024K, 60 young (61440K), 1 survivors (1024K)
 Metaspace       used 85554K, capacity 92094K, committed 92336K, reserved 1128448K
  class space    used 11569K, capacity 12713K, committed 12720K, reserved 1048576K
}
Event: 1339.701 GC heap after
{Heap after GC invocations=425 (full 280):
 garbage-first heap   total 220160K, used 77191K [0x0000000700000000, 0x00000007001006b8, 0x00000007c0000000)
  region size 1024K, 1 young (1024K), 1 survivors (1024K)
 Metaspace       used 85554K, capacity 92094K, committed 92336K, reserved 1128448K
  class space    used 11569K, capacity 12713K, committed 12720K, reserved 1048576K
}
Event: 1342.272 GC heap before
{Heap before GC invocations=425 (full 280):
 garbage-first heap   total 220160K, used 137607K [0x0000000700000000, 0x00000007001006b8, 0x00000007c0000000)
  region size 1024K, 60 young (61440K), 1 survivors (1024K)
 Metaspace       used 85578K, capacity 92094K, committed 92336K, reserved 1128448K
  class space    used 11569K, capacity 12713K, committed 12720K, reserved 1048576K
}
Event: 1342.275 GC heap after
{Heap after GC invocations=426 (full 280):
 garbage-first heap   total 220160K, used 77328K [0x0000000700000000, 0x00000007001006b8, 0x00000007c0000000)
  region size 1024K, 1 young (1024K), 1 survivors (1024K)
 Metaspace       used 85578K, capacity 92094K, committed 92336K, reserved 1128448K
  class space    used 11569K, capacity 12713K, committed 12720K, reserved 1048576K
}
Event: 1342.823 GC heap before
{Heap before GC invocations=426 (full 280):
 garbage-first heap   total 220160K, used 137744K [0x0000000700000000, 0x00000007001006b8, 0x00000007c0000000)
  region size 1024K, 60 young (61440K), 1 survivors (1024K)
 Metaspace       used 85580K, capacity 92094K, committed 92336K, reserved 1128448K
  class space    used 11569K, capacity 12713K, committed 12720K, reserved 1048576K
}
Event: 1342.824 GC heap after
{Heap after GC invocations=427 (full 280):
 garbage-first heap   total 220160K, used 77084K [0x0000000700000000, 0x00000007001006b8, 0x00000007c0000000)
  region size 1024K, 1 young (1024K), 1 survivors (1024K)
 Metaspace       used 85580K, capacity 92094K, committed 92336K, reserved 1128448K
  class space    used 11569K, capacity 12713K, committed 12720K, reserved 1048576K
}
Event: 1344.808 GC heap before
{Heap before GC invocations=427 (full 280):
 garbage-first heap   total 220160K, used 123164K [0x0000000700000000, 0x00000007001006b8, 0x00000007c0000000)
  region size 1024K, 47 young (48128K), 1 survivors (1024K)
 Metaspace       used 85598K, capacity 92094K, committed 92336K, reserved 1128448K
  class space    used 11569K, capacity 12713K, committed 12720K, reserved 1048576K
}
Event: 1344.951 GC heap after
{Heap after GC invocations=428 (full 281):
 garbage-first heap   total 220160K, used 76750K [0x0000000700000000, 0x00000007001006b8, 0x00000007c0000000)
  region size 1024K, 0 young (0K), 0 survivors (0K)
 Metaspace       used 85598K, capacity 92094K, committed 92336K, reserved 1128448K
  class space    used 11569K, capacity 12713K, committed 12720K, reserved 1048576K
}
Event: 1348.204 GC heap before
{Heap before GC invocations=428 (full 281):
 garbage-first heap   total 220160K, used 138190K [0x0000000700000000, 0x00000007001006b8, 0x00000007c0000000)
  region size 1024K, 60 young (61440K), 0 survivors (0K)
 Metaspace       used 85627K, capacity 92094K, committed 92336K, reserved 1128448K
  class space    used 11576K, capacity 12713K, committed 12720K, reserved 1048576K
}
Event: 1348.207 GC heap after
{Heap after GC invocations=429 (full 281):
 garbage-first heap   total 220160K, used 77836K [0x0000000700000000, 0x00000007001006b8, 0x00000007c0000000)
  region size 1024K, 2 young (2048K), 2 survivors (2048K)
 Metaspace       used 85627K, capacity 92094K, committed 92336K, reserved 1128448K
  class space    used 11576K, capacity 12713K, committed 12720K, reserved 1048576K
}

