# JRE version: Java(TM) SE Runtime Environment (9.0+11) (build 9.0.4+11)
# Java VM: Java HotSpot(TM) 64-Bit Server VM (9.0.4+11, mixed mode, tiered, compressed oops, g1 gc, windows-amd64)
Heap:
 garbage-first heap   total 310272K, used 179746K [0x0000000700000000, 0x0000000700100978, 0x00000007c0000000)
  region size 1024K, 50 young (51200K), 1 survivors (1024K)
 Metaspace       used 94491K, capacity 96946K, committed 103984K, reserved 1138688K
  class space    used 12394K, capacity 12917K, committed 14384K, reserved 1048576K
GC Heap History (10 events):
Event: 10755.240 GC heap before
{Heap before GC invocations=3715 (full 1605):
 garbage-first heap   total 310272K, used 190839K [0x0000000700000000, 0x0000000700100978, 0x00000007c0000000)
  region size 1024K, 60 young (61440K), 1 survivors (1024K)
 Metaspace       used 94489K, capacity 96946K, committed 103984K, reserved 1138688K
  class space    used 12394K, capacity 12917K, committed 14384K, reserved 1048576K
}
Event: 10755.242 GC heap after
{Heap after GC invocations=3716 (full 1605):
 garbage-first heap   total 310272K, used 130444K [0x0000000700000000, 0x0000000700100978, 0x00000007c0000000)
  region size 1024K, 1 young (1024K), 1 survivors (1024K)
 Metaspace       used 94489K, capacity 96946K, committed 103984K, reserved 1138688K
  class space    used 12394K, capacity 12917K, committed 14384K, reserved 1048576K
}
Event: 10755.461 GC heap before
{Heap before GC invocations=3716 (full 1605):
 garbage-first heap   total 310272K, used 190860K [0x0000000700000000, 0x0000000700100978, 0x00000007c0000000)
  region size 1024K, 60 young (61440K), 1 survivors (1024K)
 Metaspace       used 94489K, capacity 96946K, committed 103984K, reserved 1138688K
  class space    used 12394K, capacity 12917K, committed 14384K, reserved 1048576K
}
Event: 10755.463 GC heap after
{Heap after GC invocations=3717 (full 1605):
 garbage-first heap   total 310272K, used 130498K [0x0000000700000000, 0x0000000700100978, 0x00000007c0000000)
  region size 1024K, 1 young (1024K), 1 survivors (1024K)
 Metaspace       used 94489K, capacity 96946K, committed 103984K, reserved 1138688K
  class space    used 12394K, capacity 12917K, committed 14384K, reserved 1048576K
}
Event: 10755.615 GC heap before
{Heap before GC invocations=3717 (full 1605):
 garbage-first heap   total 310272K, used 190914K [0x0000000700000000, 0x0000000700100978, 0x00000007c0000000)
  region size 1024K, 60 young (61440K), 1 survivors (1024K)
 Metaspace       used 94489K, capacity 96946K, committed 103984K, reserved 1138688K
  class space    used 12394K, capacity 12917K, committed 14384K, reserved 1048576K
}
Event: 10755.617 GC heap after
{Heap after GC invocations=3718 (full 1605):
 garbage-first heap   total 310272K, used 130517K [0x0000000700000000, 0x0000000700100978, 0x00000007c0000000)
  region size 1024K, 1 young (1024K), 1 survivors (1024K)
 Metaspace       used 94489K, capacity 96946K, committed 103984K, reserved 1138688K
  class space    used 12394K, capacity 12917K, committed 14384K, reserved 1048576K
}
Event: 10755.796 GC heap before
{Heap before GC invocations=3718 (full 1605):
 garbage-first heap   total 310272K, used 190933K [0x0000000700000000, 0x0000000700100978, 0x00000007c0000000)
  region size 1024K, 60 young (61440K), 1 survivors (1024K)
 Metaspace       used 94489K, capacity 96946K, committed 103984K, reserved 1138688K
  class space    used 12394K, capacity 12917K, committed 14384K, reserved 1048576K
}
Event: 10755.798 GC heap after
{Heap after GC invocations=3719 (full 1605):
 garbage-first heap   total 310272K, used 130565K [0x0000000700000000, 0x0000000700100978, 0x00000007c0000000)
  region size 1024K, 1 young (1024K), 1 survivors (1024K)
 Metaspace       used 94489K, capacity 96946K, committed 103984K, reserved 1138688K
  class space    used 12394K, capacity 12917K, committed 14384K, reserved 1048576K
}
Event: 10756.252 GC heap before
{Heap before GC invocations=3719 (full 1605):
 garbage-first heap   total 310272K, used 190981K [0x0000000700000000, 0x0000000700100978, 0x00000007c0000000)
  region size 1024K, 60 young (61440K), 1 survivors (1024K)
 Metaspace       used 94489K, capacity 96946K, committed 103984K, reserved 1138688K
  class space    used 12394K, capacity 12917K, committed 14384K, reserved 1048576K
}
Event: 10756.255 GC heap after
{Heap after GC invocations=3720 (full 1605):
 garbage-first heap   total 310272K, used 130594K [0x0000000700000000, 0x0000000700100978, 0x00000007c0000000)
  region size 1024K, 1 young (1024K), 1 survivors (1024K)
 Metaspace       used 94489K, capacity 96946K, committed 103984K, reserved 1138688K
  class space    used 12394K, capacity 12917K, committed 14384K, reserved 1048576K
}

